# JRE version: Java(TM) SE Runtime Environment (8.0_121-b13) (build 1.8.0_121-b13)
# Java VM: Java HotSpot(TM) 64-Bit Server VM (25.121-b13 mixed mode windows-amd64 compressed oops)
Heap:
 PSYoungGen      total 357888K, used 181139K [0x00000000d5d00000, 0x00000000f0880000, 0x0000000100000000)
  eden space 348672K, 49% used [0x00000000d5d00000,0x00000000e04e61a0,0x00000000eb180000)
  from space 9216K, 99% used [0x00000000ec080000,0x00000000ec97ec98,0x00000000ec980000)
  to   space 15360K, 0% used [0x00000000eb180000,0x00000000eb180000,0x00000000ec080000)
 ParOldGen       total 105984K, used 27328K [0x0000000081600000, 0x0000000087d80000, 0x00000000d5d00000)
  object space 105984K, 25% used [0x0000000081600000,0x00000000830b03b0,0x0000000087d80000)
 Metaspace       used 45699K, capacity 46318K, committed 46552K, reserved 1091584K
  class space    used 5131K, capacity 5333K, committed 5376K, reserved 1048576K
GC Heap History (10 events):
Event: 5.986 GC heap before
{Heap before GC invocations=10 (full 1):
 PSYoungGen      total 272384K, used 257819K [0x00000000d5d00000, 0x00000000e7000000, 0x0000000100000000)
  eden space 264192K, 97% used [0x00000000d5d00000,0x00000000e58c6e58,0x00000000e5f00000)
  from space 8192K, 0% used [0x00000000e6800000,0x00000000e6800000,0x00000000e7000000)
  to   space 8704K, 0% used [0x00000000e5f00000,0x00000000e5f00000,0x00000000e6780000)
 ParOldGen       total 58880K, used 7908K [0x0000000081600000, 0x0000000084f80000, 0x00000000d5d00000)
  object space 58880K, 13% used [0x0000000081600000,0x0000000081db9198,0x0000000084f80000)
 Metaspace       used 34732K, capacity 35048K, committed 35416K, reserved 1081344K
  class space    used 4103K, capacity 4200K, committed 4224K, reserved 1048576K
Event: 6.003 GC heap after
Heap after GC invocations=10 (full 1):
 PSYoungGen      total 272896K, used 8675K [0x00000000d5d00000, 0x00000000ece80000, 0x0000000100000000)
  eden space 264192K, 0% used [0x00000000d5d00000,0x00000000d5d00000,0x00000000e5f00000)
  from space 8704K, 99% used [0x00000000e5f00000,0x00000000e6778e08,0x00000000e6780000)
  to   space 14336K, 0% used [0x00000000ec080000,0x00000000ec080000,0x00000000ece80000)
 ParOldGen       total 58880K, used 19149K [0x0000000081600000, 0x0000000084f80000, 0x00000000d5d00000)
  object space 58880K, 32% used [0x0000000081600000,0x00000000828b34c8,0x0000000084f80000)
 Metaspace       used 34732K, capacity 35048K, committed 35416K, reserved 1081344K
  class space    used 4103K, capacity 4200K, committed 4224K, reserved 1048576K
}
Event: 6.003 GC heap before
{Heap before GC invocations=11 (full 2):
 PSYoungGen      total 272896K, used 8675K [0x00000000d5d00000, 0x00000000ece80000, 0x0000000100000000)
  eden space 264192K, 0% used [0x00000000d5d00000,0x00000000d5d00000,0x00000000e5f00000)
  from space 8704K, 99% used [0x00000000e5f00000,0x00000000e6778e08,0x00000000e6780000)
  to   space 14336K, 0% used [0x00000000ec080000,0x00000000ec080000,0x00000000ece80000)
 ParOldGen       total 58880K, used 19149K [0x0000000081600000, 0x0000000084f80000, 0x00000000d5d00000)
  object space 58880K, 32% used [0x0000000081600000,0x00000000828b34c8,0x0000000084f80000)
 Metaspace       used 34732K, capacity 35048K, committed 35416K, reserved 1081344K
  class space    used 4103K, capacity 4200K, committed 4224K, reserved 1048576K
Event: 6.063 GC heap after
Heap after GC invocations=11 (full 2):
 PSYoungGen      total 272896K, used 0K [0x00000000d5d00000, 0x00000000ece80000, 0x0000000100000000)
  eden space 264192K, 0% used [0x00000000d5d00000,0x00000000d5d00000,0x00000000e5f00000)
  from space 8704K, 0% used [0x00000000e5f00000,0x00000000e5f00000,0x00000000e6780000)
  to   space 14336K, 0% used [0x00000000ec080000,0x00000000ec080000,0x00000000ece80000)
 ParOldGen       total 105984K, used 25251K [0x0000000081600000, 0x0000000087d80000, 0x00000000d5d00000)
  object space 105984K, 23% used [0x0000000081600000,0x0000000082ea8c50,0x0000000087d80000)
 Metaspace       used 34732K, capacity 35048K, committed 35416K, reserved 1081344K
  class space    used 4103K, capacity 4200K, committed 4224K, reserved 1048576K
}
Event: 7.145 GC heap before
{Heap before GC invocations=12 (full 2):
 PSYoungGen      total 272896K, used 264192K [0x00000000d5d00000, 0x00000000ece80000, 0x0000000100000000)
  eden space 264192K, 100% used [0x00000000d5d00000,0x00000000e5f00000,0x00000000e5f00000)
  from space 8704K, 0% used [0x00000000e5f00000,0x00000000e5f00000,0x00000000e6780000)
  to   space 14336K, 0% used [0x00000000ec080000,0x00000000ec080000,0x00000000ece80000)
 ParOldGen       total 105984K, used 25251K [0x0000000081600000, 0x0000000087d80000, 0x00000000d5d00000)
  object space 105984K, 23% used [0x0000000081600000,0x0000000082ea8c50,0x0000000087d80000)
 Metaspace       used 40126K, capacity 40570K, committed 41176K, reserved 1085440K
  class space    used 4662K, capacity 4792K, committed 4864K, reserved 1048576K
Event: 7.156 GC heap after
Heap after GC invocations=12 (full 2):
 PSYoungGen      total 342528K, used 9153K [0x00000000d5d00000, 0x00000000ec980000, 0x0000000100000000)
  eden space 333312K, 0% used [0x00000000d5d00000,0x00000000d5d00000,0x00000000ea280000)
  from space 9216K, 99% used [0x00000000ec080000,0x00000000ec970768,0x00000000ec980000)
  to   space 14336K, 0% used [0x00000000ead80000,0x00000000ead80000,0x00000000ebb80000)
 ParOldGen       total 105984K, used 25259K [0x0000000081600000, 0x0000000087d80000, 0x00000000d5d00000)
  object space 105984K, 23% used [0x0000000081600000,0x0000000082eaac50,0x0000000087d80000)
 Metaspace       used 40126K, capacity 40570K, committed 41176K, reserved 1085440K
  class space    used 4662K, capacity 4792K, committed 4864K, reserved 1048576K
}
Event: 8.957 GC heap before
{Heap before GC invocations=13 (full 2):
 PSYoungGen      total 342528K, used 342465K [0x00000000d5d00000, 0x00000000ec980000, 0x0000000100000000)
  eden space 333312K, 100% used [0x00000000d5d00000,0x00000000ea280000,0x00000000ea280000)
  from space 9216K, 99% used [0x00000000ec080000,0x00000000ec970768,0x00000000ec980000)
  to   space 14336K, 0% used [0x00000000ead80000,0x00000000ead80000,0x00000000ebb80000)
 ParOldGen       total 105984K, used 25259K [0x0000000081600000, 0x0000000087d80000, 0x00000000d5d00000)
  object space 105984K, 23% used [0x0000000081600000,0x0000000082eaac50,0x0000000087d80000)
 Metaspace       used 44887K, capacity 45402K, committed 45784K, reserved 1089536K
  class space    used 5100K, capacity 5254K, committed 5376K, reserved 1048576K
Event: 8.967 GC heap after
Heap after GC invocations=13 (full 2):
 PSYoungGen      total 347648K, used 10050K [0x00000000d5d00000, 0x00000000ec980000, 0x0000000100000000)
  eden space 333312K, 0% used [0x00000000d5d00000,0x00000000d5d00000,0x00000000ea280000)
  from space 14336K, 70% used [0x00000000ead80000,0x00000000eb750bc0,0x00000000ebb80000)
  to   space 9216K, 0% used [0x00000000ec080000,0x00000000ec080000,0x00000000ec980000)
 ParOldGen       total 105984K, used 25267K [0x0000000081600000, 0x0000000087d80000, 0x00000000d5d00000)
  object space 105984K, 23% used [0x0000000081600000,0x0000000082eacc50,0x0000000087d80000)
 Metaspace       used 44887K, capacity 45402K, committed 45784K, reserved 1089536K
  class space    used 5100K, capacity 5254K, committed 5376K, reserved 1048576K
}
Event: 10.779 GC heap before
{Heap before GC invocations=14 (full 2):
 PSYoungGen      total 347648K, used 343362K [0x00000000d5d00000, 0x00000000ec980000, 0x0000000100000000)
  eden space 333312K, 100% used [0x00000000d5d00000,0x00000000ea280000,0x00000000ea280000)
  from space 14336K, 70% used [0x00000000ead80000,0x00000000eb750bc0,0x00000000ebb80000)
  to   space 9216K, 0% used [0x00000000ec080000,0x00000000ec080000,0x00000000ec980000)
 ParOldGen       total 105984K, used 25267K [0x0000000081600000, 0x0000000087d80000, 0x00000000d5d00000)
  object space 105984K, 23% used [0x0000000081600000,0x0000000082eacc50,0x0000000087d80000)
 Metaspace       used 45522K, capacity 46030K, committed 46296K, reserved 1089536K
  class space    used 5122K, capacity 5309K, committed 5376K, reserved 1048576K
Event: 10.794 GC heap after
Heap after GC invocations=14 (full 2):
 PSYoungGen      total 357888K, used 9211K [0x00000000d5d00000, 0x00000000f0880000, 0x0000000100000000)
  eden space 348672K, 0% used [0x00000000d5d00000,0x00000000d5d00000,0x00000000eb180000)
  from space 9216K, 99% used [0x00000000ec080000,0x00000000ec97ec98,0x00000000ec980000)
  to   space 15360K, 0% used [0x00000000eb180000,0x00000000eb180000,0x00000000ec080000)
 ParOldGen       total 105984K, used 27328K [0x0000000081600000, 0x0000000087d80000, 0x00000000d5d00000)
  object space 105984K, 25% used [0x0000000081600000,0x00000000830b03b0,0x0000000087d80000)
 Metaspace       used 45522K, capacity 46030K, committed 46296K, reserved 1089536K
  class space    used 5122K, capacity 5309K, committed 5376K, reserved 1048576K
}

