# JRE version: Java(TM) SE Runtime Environment (8.0_121-b13) (build 1.8.0_121-b13)
# Java VM: Java HotSpot(TM) 64-Bit Server VM (25.121-b13 mixed mode windows-amd64 compressed oops)
Heap:
 PSYoungGen      total 182784K, used 3364K [0x00000000d5d00000, 0x00000000e3f80000, 0x0000000100000000)
  eden space 171008K, 1% used [0x00000000d5d00000,0x00000000d60491e0,0x00000000e0400000)
  from space 11776K, 0% used [0x00000000e3400000,0x00000000e3400000,0x00000000e3f80000)
  to   space 12288K, 0% used [0x00000000e0400000,0x00000000e0400000,0x00000000e1000000)
 ParOldGen       total 58880K, used 20914K [0x0000000081600000, 0x0000000084f80000, 0x00000000d5d00000)
  object space 58880K, 35% used [0x0000000081600000,0x0000000082a6c858,0x0000000084f80000)
 Metaspace       used 39862K, capacity 40282K, committed 40920K, reserved 1087488K
  class space    used 4629K, capacity 4760K, committed 4864K, reserved 1048576K
GC Heap History (10 events):
Event: 4.815 GC heap after
Heap after GC invocations=10 (full 1):
 PSYoungGen      total 141312K, used 7875K [0x00000000d5d00000, 0x00000000e1900000, 0x0000000100000000)
  eden space 132096K, 0% used [0x00000000d5d00000,0x00000000d5d00000,0x00000000dde00000)
  from space 9216K, 85% used [0x00000000dde00000,0x00000000de5b0da0,0x00000000de700000)
  to   space 9216K, 0% used [0x00000000e1000000,0x00000000e1000000,0x00000000e1900000)
 ParOldGen       total 58880K, used 7950K [0x0000000081600000, 0x0000000084f80000, 0x00000000d5d00000)
  object space 58880K, 13% used [0x0000000081600000,0x0000000081dc3970,0x0000000084f80000)
 Metaspace       used 26728K, capacity 26994K, committed 27392K, reserved 1073152K
  class space    used 3215K, capacity 3317K, committed 3328K, reserved 1048576K
}
Event: 6.163 GC heap before
{Heap before GC invocations=11 (full 1):
 PSYoungGen      total 141312K, used 125947K [0x00000000d5d00000, 0x00000000e1900000, 0x0000000100000000)
  eden space 132096K, 89% used [0x00000000d5d00000,0x00000000dd04dff8,0x00000000dde00000)
  from space 9216K, 85% used [0x00000000dde00000,0x00000000de5b0da0,0x00000000de700000)
  to   space 9216K, 0% used [0x00000000e1000000,0x00000000e1000000,0x00000000e1900000)
 ParOldGen       total 58880K, used 7950K [0x0000000081600000, 0x0000000084f80000, 0x00000000d5d00000)
  object space 58880K, 13% used [0x0000000081600000,0x0000000081dc3970,0x0000000084f80000)
 Metaspace       used 34744K, capacity 35112K, committed 35416K, reserved 1081344K
  class space    used 4100K, capacity 4200K, committed 4224K, reserved 1048576K
Event: 6.174 GC heap after
Heap after GC invocations=11 (full 1):
 PSYoungGen      total 180224K, used 9205K [0x00000000d5d00000, 0x00000000e1d00000, 0x0000000100000000)
  eden space 171008K, 0% used [0x00000000d5d00000,0x00000000d5d00000,0x00000000e0400000)
  from space 9216K, 99% used [0x00000000e1000000,0x00000000e18fd688,0x00000000e1900000)
  to   space 12288K, 0% used [0x00000000e0400000,0x00000000e0400000,0x00000000e1000000)
 ParOldGen       total 58880K, used 12682K [0x0000000081600000, 0x0000000084f80000, 0x00000000d5d00000)
  object space 58880K, 21% used [0x0000000081600000,0x0000000082262a88,0x0000000084f80000)
 Metaspace       used 34744K, capacity 35112K, committed 35416K, reserved 1081344K
  class space    used 4100K, capacity 4200K, committed 4224K, reserved 1048576K
}
Event: 6.174 GC heap before
{Heap before GC invocations=12 (full 2):
 PSYoungGen      total 180224K, used 9205K [0x00000000d5d00000, 0x00000000e1d00000, 0x0000000100000000)
  eden space 171008K, 0% used [0x00000000d5d00000,0x00000000d5d00000,0x00000000e0400000)
  from space 9216K, 99% used [0x00000000e1000000,0x00000000e18fd688,0x00000000e1900000)
  to   space 12288K, 0% used [0x00000000e0400000,0x00000000e0400000,0x00000000e1000000)
 ParOldGen       total 58880K, used 12682K [0x0000000081600000, 0x0000000084f80000, 0x00000000d5d00000)
  object space 58880K, 21% used [0x0000000081600000,0x0000000082262a88,0x0000000084f80000)
 Metaspace       used 34744K, capacity 35112K, committed 35416K, reserved 1081344K
  class space    used 4100K, capacity 4200K, committed 4224K, reserved 1048576K
Event: 6.244 GC heap after
Heap after GC invocations=12 (full 2):
 PSYoungGen      total 180224K, used 0K [0x00000000d5d00000, 0x00000000e1d00000, 0x0000000100000000)
  eden space 171008K, 0% used [0x00000000d5d00000,0x00000000d5d00000,0x00000000e0400000)
  from space 9216K, 0% used [0x00000000e1000000,0x00000000e1000000,0x00000000e1900000)
  to   space 12288K, 0% used [0x00000000e0400000,0x00000000e0400000,0x00000000e1000000)
 ParOldGen       total 58880K, used 19604K [0x0000000081600000, 0x0000000084f80000, 0x00000000d5d00000)
  object space 58880K, 33% used [0x0000000081600000,0x00000000829253a0,0x0000000084f80000)
 Metaspace       used 34744K, capacity 35112K, committed 35416K, reserved 1081344K
  class space    used 4100K, capacity 4200K, committed 4224K, reserved 1048576K
}
Event: 6.926 GC heap before
{Heap before GC invocations=13 (full 2):
 PSYoungGen      total 180224K, used 171008K [0x00000000d5d00000, 0x00000000e1d00000, 0x0000000100000000)
  eden space 171008K, 100% used [0x00000000d5d00000,0x00000000e0400000,0x00000000e0400000)
  from space 9216K, 0% used [0x00000000e1000000,0x00000000e1000000,0x00000000e1900000)
  to   space 12288K, 0% used [0x00000000e0400000,0x00000000e0400000,0x00000000e1000000)
 ParOldGen       total 58880K, used 19604K [0x0000000081600000, 0x0000000084f80000, 0x00000000d5d00000)
  object space 58880K, 33% used [0x0000000081600000,0x00000000829253a0,0x0000000084f80000)
 Metaspace       used 37733K, capacity 38106K, committed 38616K, reserved 1083392K
  class space    used 4396K, capacity 4529K, committed 4608K, reserved 1048576K
Event: 6.933 GC heap after
Heap after GC invocations=13 (full 2):
 PSYoungGen      total 183296K, used 4464K [0x00000000d5d00000, 0x00000000e3f80000, 0x0000000100000000)
  eden space 171008K, 0% used [0x00000000d5d00000,0x00000000d5d00000,0x00000000e0400000)
  from space 12288K, 36% used [0x00000000e0400000,0x00000000e085c2d0,0x00000000e1000000)
  to   space 11776K, 0% used [0x00000000e3400000,0x00000000e3400000,0x00000000e3f80000)
 ParOldGen       total 58880K, used 19612K [0x0000000081600000, 0x0000000084f80000, 0x00000000d5d00000)
  object space 58880K, 33% used [0x0000000081600000,0x00000000829273a0,0x0000000084f80000)
 Metaspace       used 37733K, capacity 38106K, committed 38616K, reserved 1083392K
  class space    used 4396K, capacity 4529K, committed 4608K, reserved 1048576K
}
Event: 7.269 GC heap before
{Heap before GC invocations=14 (full 2):
 PSYoungGen      total 183296K, used 88612K [0x00000000d5d00000, 0x00000000e3f80000, 0x0000000100000000)
  eden space 171008K, 49% used [0x00000000d5d00000,0x00000000daf2ce28,0x00000000e0400000)
  from space 12288K, 36% used [0x00000000e0400000,0x00000000e085c2d0,0x00000000e1000000)
  to   space 11776K, 0% used [0x00000000e3400000,0x00000000e3400000,0x00000000e3f80000)
 ParOldGen       total 58880K, used 19612K [0x0000000081600000, 0x0000000084f80000, 0x00000000d5d00000)
  object space 58880K, 33% used [0x0000000081600000,0x00000000829273a0,0x0000000084f80000)
 Metaspace       used 39225K, capacity 39610K, committed 40024K, reserved 1089536K
  class space    used 4542K, capacity 4664K, committed 4736K, reserved 1048576K
Event: 7.277 GC heap after
Heap after GC invocations=14 (full 2):
 PSYoungGen      total 182784K, used 4670K [0x00000000d5d00000, 0x00000000e3f80000, 0x0000000100000000)
  eden space 171008K, 0% used [0x00000000d5d00000,0x00000000d5d00000,0x00000000e0400000)
  from space 11776K, 39% used [0x00000000e3400000,0x00000000e388f9c0,0x00000000e3f80000)
  to   space 12288K, 0% used [0x00000000e0400000,0x00000000e0400000,0x00000000e1000000)
 ParOldGen       total 58880K, used 19620K [0x0000000081600000, 0x0000000084f80000, 0x00000000d5d00000)
  object space 58880K, 33% used [0x0000000081600000,0x00000000829293a0,0x0000000084f80000)
 Metaspace       used 39225K, capacity 39610K, committed 40024K, reserved 1089536K
  class space    used 4542K, capacity 4664K, committed 4736K, reserved 1048576K
}
Event: 7.277 GC heap before
{Heap before GC invocations=15 (full 3):
 PSYoungGen      total 182784K, used 4670K [0x00000000d5d00000, 0x00000000e3f80000, 0x0000000100000000)
  eden space 171008K, 0% used [0x00000000d5d00000,0x00000000d5d00000,0x00000000e0400000)
  from space 11776K, 39% used [0x00000000e3400000,0x00000000e388f9c0,0x00000000e3f80000)
  to   space 12288K, 0% used [0x00000000e0400000,0x00000000e0400000,0x00000000e1000000)
 ParOldGen       total 58880K, used 19620K [0x0000000081600000, 0x0000000084f80000, 0x00000000d5d00000)
  object space 58880K, 33% used [0x0000000081600000,0x00000000829293a0,0x0000000084f80000)
 Metaspace       used 39225K, capacity 39610K, committed 40024K, reserved 1089536K
  class space    used 4542K, capacity 4664K, committed 4736K, reserved 1048576K

