# JRE version: Java(TM) SE Runtime Environment (8.0_121-b13) (build 1.8.0_121-b13)
# Java VM: Java HotSpot(TM) 64-Bit Server VM (25.121-b13 mixed mode windows-amd64 compressed oops)
Heap:
 PSYoungGen      total 140288K, used 137939K [0x00000000d5d00000, 0x00000000df100000, 0x0000000100000000)
  eden space 132096K, 100% used [0x00000000d5d00000,0x00000000dde00000,0x00000000dde00000)
  from space 8192K, 71% used [0x00000000de700000,0x00000000decb4e80,0x00000000def00000)
  to   space 9216K, 99% used [0x00000000dde00000,0x00000000de6fb5e0,0x00000000de700000)
 ParOldGen       total 57856K, used 19117K [0x0000000081600000, 0x0000000084e80000, 0x00000000d5d00000)
  object space 57856K, 33% used [0x0000000081600000,0x00000000828af9b0,0x0000000084e80000)
 Metaspace       used 42190K, capacity 42598K, committed 42880K, reserved 1087488K
  class space    used 4808K, capacity 4934K, committed 4992K, reserved 1048576K
GC Heap History (10 events):
Event: 5.384 GC heap before
{Heap before GC invocations=10 (full 1):
 PSYoungGen      total 140288K, used 132096K [0x00000000d5d00000, 0x00000000df100000, 0x0000000100000000)
  eden space 132096K, 100% used [0x00000000d5d00000,0x00000000dde00000,0x00000000dde00000)
  from space 8192K, 0% used [0x00000000de700000,0x00000000de700000,0x00000000def00000)
  to   space 9216K, 0% used [0x00000000dde00000,0x00000000dde00000,0x00000000de700000)
 ParOldGen       total 57856K, used 7913K [0x0000000081600000, 0x0000000084e80000, 0x00000000d5d00000)
  object space 57856K, 13% used [0x0000000081600000,0x0000000081dba7f8,0x0000000084e80000)
 Metaspace       used 26779K, capacity 27022K, committed 27520K, reserved 1073152K
  class space    used 3237K, capacity 3351K, committed 3456K, reserved 1048576K
Event: 5.393 GC heap after
Heap after GC invocations=10 (full 1):
 PSYoungGen      total 141312K, used 7793K [0x00000000d5d00000, 0x00000000df100000, 0x0000000100000000)
  eden space 132096K, 0% used [0x00000000d5d00000,0x00000000d5d00000,0x00000000dde00000)
  from space 9216K, 84% used [0x00000000dde00000,0x00000000de59c780,0x00000000de700000)
  to   space 8192K, 0% used [0x00000000de700000,0x00000000de700000,0x00000000def00000)
 ParOldGen       total 57856K, used 7921K [0x0000000081600000, 0x0000000084e80000, 0x00000000d5d00000)
  object space 57856K, 13% used [0x0000000081600000,0x0000000081dbc7f8,0x0000000084e80000)
 Metaspace       used 26779K, capacity 27022K, committed 27520K, reserved 1073152K
  class space    used 3237K, capacity 3351K, committed 3456K, reserved 1048576K
}
Event: 6.728 GC heap before
{Heap before GC invocations=11 (full 1):
 PSYoungGen      total 141312K, used 99559K [0x00000000d5d00000, 0x00000000df100000, 0x0000000100000000)
  eden space 132096K, 69% used [0x00000000d5d00000,0x00000000db69d7d8,0x00000000dde00000)
  from space 9216K, 84% used [0x00000000dde00000,0x00000000de59c780,0x00000000de700000)
  to   space 8192K, 0% used [0x00000000de700000,0x00000000de700000,0x00000000def00000)
 ParOldGen       total 57856K, used 7921K [0x0000000081600000, 0x0000000084e80000, 0x00000000d5d00000)
  object space 57856K, 13% used [0x0000000081600000,0x0000000081dbc7f8,0x0000000084e80000)
 Metaspace       used 34763K, capacity 35056K, committed 35416K, reserved 1081344K
  class space    used 4161K, capacity 4266K, committed 4352K, reserved 1048576K
Event: 6.737 GC heap after
Heap after GC invocations=11 (full 1):
 PSYoungGen      total 140288K, used 8169K [0x00000000d5d00000, 0x00000000df100000, 0x0000000100000000)
  eden space 132096K, 0% used [0x00000000d5d00000,0x00000000d5d00000,0x00000000dde00000)
  from space 8192K, 99% used [0x00000000de700000,0x00000000deefa4c0,0x00000000def00000)
  to   space 9216K, 0% used [0x00000000dde00000,0x00000000dde00000,0x00000000de700000)
 ParOldGen       total 57856K, used 9166K [0x0000000081600000, 0x0000000084e80000, 0x00000000d5d00000)
  object space 57856K, 15% used [0x0000000081600000,0x0000000081ef3880,0x0000000084e80000)
 Metaspace       used 34763K, capacity 35056K, committed 35416K, reserved 1081344K
  class space    used 4161K, capacity 4266K, committed 4352K, reserved 1048576K
}
Event: 6.737 GC heap before
{Heap before GC invocations=12 (full 2):
 PSYoungGen      total 140288K, used 8169K [0x00000000d5d00000, 0x00000000df100000, 0x0000000100000000)
  eden space 132096K, 0% used [0x00000000d5d00000,0x00000000d5d00000,0x00000000dde00000)
  from space 8192K, 99% used [0x00000000de700000,0x00000000deefa4c0,0x00000000def00000)
  to   space 9216K, 0% used [0x00000000dde00000,0x00000000dde00000,0x00000000de700000)
 ParOldGen       total 57856K, used 9166K [0x0000000081600000, 0x0000000084e80000, 0x00000000d5d00000)
  object space 57856K, 15% used [0x0000000081600000,0x0000000081ef3880,0x0000000084e80000)
 Metaspace       used 34763K, capacity 35056K, committed 35416K, reserved 1081344K
  class space    used 4161K, capacity 4266K, committed 4352K, reserved 1048576K
Event: 6.798 GC heap after
Heap after GC invocations=12 (full 2):
 PSYoungGen      total 140288K, used 0K [0x00000000d5d00000, 0x00000000df100000, 0x0000000100000000)
  eden space 132096K, 0% used [0x00000000d5d00000,0x00000000d5d00000,0x00000000dde00000)
  from space 8192K, 0% used [0x00000000de700000,0x00000000de700000,0x00000000def00000)
  to   space 9216K, 0% used [0x00000000dde00000,0x00000000dde00000,0x00000000de700000)
 ParOldGen       total 57856K, used 15213K [0x0000000081600000, 0x0000000084e80000, 0x00000000d5d00000)
  object space 57856K, 26% used [0x0000000081600000,0x00000000824db408,0x0000000084e80000)
 Metaspace       used 34763K, capacity 35056K, committed 35416K, reserved 1081344K
  class space    used 4161K, capacity 4266K, committed 4352K, reserved 1048576K
}
Event: 7.455 GC heap before
{Heap before GC invocations=13 (full 2):
 PSYoungGen      total 140288K, used 132096K [0x00000000d5d00000, 0x00000000df100000, 0x0000000100000000)
  eden space 132096K, 100% used [0x00000000d5d00000,0x00000000dde00000,0x00000000dde00000)
  from space 8192K, 0% used [0x00000000de700000,0x00000000de700000,0x00000000def00000)
  to   space 9216K, 0% used [0x00000000dde00000,0x00000000dde00000,0x00000000de700000)
 ParOldGen       total 57856K, used 15213K [0x0000000081600000, 0x0000000084e80000, 0x00000000d5d00000)
  object space 57856K, 26% used [0x0000000081600000,0x00000000824db408,0x0000000084e80000)
 Metaspace       used 36864K, capacity 37288K, committed 37888K, reserved 1083392K
  class space    used 4340K, capacity 4494K, committed 4608K, reserved 1048576K
Event: 7.458 GC heap after
Heap after GC invocations=13 (full 2):
 PSYoungGen      total 141312K, used 3123K [0x00000000d5d00000, 0x00000000df100000, 0x0000000100000000)
  eden space 132096K, 0% used [0x00000000d5d00000,0x00000000d5d00000,0x00000000dde00000)
  from space 9216K, 33% used [0x00000000dde00000,0x00000000de10cc58,0x00000000de700000)
  to   space 8192K, 0% used [0x00000000de700000,0x00000000de700000,0x00000000def00000)
 ParOldGen       total 57856K, used 15221K [0x0000000081600000, 0x0000000084e80000, 0x00000000d5d00000)
  object space 57856K, 26% used [0x0000000081600000,0x00000000824dd408,0x0000000084e80000)
 Metaspace       used 36864K, capacity 37288K, committed 37888K, reserved 1083392K
  class space    used 4340K, capacity 4494K, committed 4608K, reserved 1048576K
}
Event: 8.637 GC heap before
{Heap before GC invocations=14 (full 2):
 PSYoungGen      total 141312K, used 135219K [0x00000000d5d00000, 0x00000000df100000, 0x0000000100000000)
  eden space 132096K, 100% used [0x00000000d5d00000,0x00000000dde00000,0x00000000dde00000)
  from space 9216K, 33% used [0x00000000dde00000,0x00000000de10cc58,0x00000000de700000)
  to   space 8192K, 0% used [0x00000000de700000,0x00000000de700000,0x00000000def00000)
 ParOldGen       total 57856K, used 15221K [0x0000000081600000, 0x0000000084e80000, 0x00000000d5d00000)
  object space 57856K, 26% used [0x0000000081600000,0x00000000824dd408,0x0000000084e80000)
 Metaspace       used 39374K, capacity 39784K, committed 40320K, reserved 1085440K
  class space    used 4593K, capacity 4725K, committed 4736K, reserved 1048576K
Event: 8.642 GC heap after
Heap after GC invocations=14 (full 2):
 PSYoungGen      total 140288K, used 5843K [0x00000000d5d00000, 0x00000000df100000, 0x0000000100000000)
  eden space 132096K, 0% used [0x00000000d5d00000,0x00000000d5d00000,0x00000000dde00000)
  from space 8192K, 71% used [0x00000000de700000,0x00000000decb4e80,0x00000000def00000)
  to   space 9216K, 0% used [0x00000000dde00000,0x00000000dde00000,0x00000000de700000)
 ParOldGen       total 57856K, used 15229K [0x0000000081600000, 0x0000000084e80000, 0x00000000d5d00000)
  object space 57856K, 26% used [0x0000000081600000,0x00000000824df408,0x0000000084e80000)
 Metaspace       used 39374K, capacity 39784K, committed 40320K, reserved 1085440K
  class space    used 4593K, capacity 4725K, committed 4736K, reserved 1048576K
}

