# JRE version: Java(TM) SE Runtime Environment (8.0_121-b13) (build 1.8.0_121-b13)
# Java VM: Java HotSpot(TM) 64-Bit Server VM (25.121-b13 mixed mode windows-amd64 compressed oops)
Heap:
 PSYoungGen      total 355328K, used 106969K [0x00000000d5d00000, 0x00000000f0000000, 0x0000000100000000)
  eden space 343040K, 27% used [0x00000000d5d00000,0x00000000db97aef8,0x00000000eac00000)
  from space 12288K, 99% used [0x00000000eac00000,0x00000000eb7fb820,0x00000000eb800000)
  to   space 14336K, 0% used [0x00000000ef200000,0x00000000ef200000,0x00000000f0000000)
 ParOldGen       total 100864K, used 22454K [0x0000000081600000, 0x0000000087880000, 0x00000000d5d00000)
  object space 100864K, 22% used [0x0000000081600000,0x0000000082bed910,0x0000000087880000)
 Metaspace       used 42769K, capacity 43294K, committed 43648K, reserved 1087488K
  class space    used 4819K, capacity 4973K, committed 4992K, reserved 1048576K
GC Heap History (10 events):
Event: 4.182 GC heap before
{Heap before GC invocations=9 (full 1):
 PSYoungGen      total 272384K, used 4892K [0x00000000d5d00000, 0x00000000e7000000, 0x0000000100000000)
  eden space 264192K, 0% used [0x00000000d5d00000,0x00000000d5d00000,0x00000000e5f00000)
  from space 8192K, 59% used [0x00000000e6800000,0x00000000e6cc72d8,0x00000000e7000000)
  to   space 8704K, 0% used [0x00000000e5f00000,0x00000000e5f00000,0x00000000e6780000)
 ParOldGen       total 87552K, used 7302K [0x0000000081600000, 0x0000000086b80000, 0x00000000d5d00000)
  object space 87552K, 8% used [0x0000000081600000,0x0000000081d21b38,0x0000000086b80000)
 Metaspace       used 20916K, capacity 21088K, committed 21248K, reserved 1069056K
  class space    used 2460K, capacity 2542K, committed 2560K, reserved 1048576K
Event: 4.238 GC heap after
Heap after GC invocations=9 (full 1):
 PSYoungGen      total 272384K, used 0K [0x00000000d5d00000, 0x00000000e7000000, 0x0000000100000000)
  eden space 264192K, 0% used [0x00000000d5d00000,0x00000000d5d00000,0x00000000e5f00000)
  from space 8192K, 0% used [0x00000000e6800000,0x00000000e6800000,0x00000000e7000000)
  to   space 8704K, 0% used [0x00000000e5f00000,0x00000000e5f00000,0x00000000e6780000)
 ParOldGen       total 59392K, used 7922K [0x0000000081600000, 0x0000000085000000, 0x00000000d5d00000)
  object space 59392K, 13% used [0x0000000081600000,0x0000000081dbcb78,0x0000000085000000)
 Metaspace       used 20916K, capacity 21088K, committed 21248K, reserved 1069056K
  class space    used 2460K, capacity 2542K, committed 2560K, reserved 1048576K
}
Event: 6.731 GC heap before
{Heap before GC invocations=10 (full 1):
 PSYoungGen      total 272384K, used 231954K [0x00000000d5d00000, 0x00000000e7000000, 0x0000000100000000)
  eden space 264192K, 87% used [0x00000000d5d00000,0x00000000e3f84ad0,0x00000000e5f00000)
  from space 8192K, 0% used [0x00000000e6800000,0x00000000e6800000,0x00000000e7000000)
  to   space 8704K, 0% used [0x00000000e5f00000,0x00000000e5f00000,0x00000000e6780000)
 ParOldGen       total 59392K, used 7922K [0x0000000081600000, 0x0000000085000000, 0x00000000d5d00000)
  object space 59392K, 13% used [0x0000000081600000,0x0000000081dbcb78,0x0000000085000000)
 Metaspace       used 34744K, capacity 35056K, committed 35416K, reserved 1081344K
  class space    used 4154K, capacity 4266K, committed 4352K, reserved 1048576K
Event: 6.748 GC heap after
Heap after GC invocations=10 (full 1):
 PSYoungGen      total 272896K, used 8700K [0x00000000d5d00000, 0x00000000ec880000, 0x0000000100000000)
  eden space 264192K, 0% used [0x00000000d5d00000,0x00000000d5d00000,0x00000000e5f00000)
  from space 8704K, 99% used [0x00000000e5f00000,0x00000000e677f2b0,0x00000000e6780000)
  to   space 12288K, 0% used [0x00000000ebc80000,0x00000000ebc80000,0x00000000ec880000)
 ParOldGen       total 59392K, used 14566K [0x0000000081600000, 0x0000000085000000, 0x00000000d5d00000)
  object space 59392K, 24% used [0x0000000081600000,0x0000000082439990,0x0000000085000000)
 Metaspace       used 34744K, capacity 35056K, committed 35416K, reserved 1081344K
  class space    used 4154K, capacity 4266K, committed 4352K, reserved 1048576K
}
Event: 6.748 GC heap before
{Heap before GC invocations=11 (full 2):
 PSYoungGen      total 272896K, used 8700K [0x00000000d5d00000, 0x00000000ec880000, 0x0000000100000000)
  eden space 264192K, 0% used [0x00000000d5d00000,0x00000000d5d00000,0x00000000e5f00000)
  from space 8704K, 99% used [0x00000000e5f00000,0x00000000e677f2b0,0x00000000e6780000)
  to   space 12288K, 0% used [0x00000000ebc80000,0x00000000ebc80000,0x00000000ec880000)
 ParOldGen       total 59392K, used 14566K [0x0000000081600000, 0x0000000085000000, 0x00000000d5d00000)
  object space 59392K, 24% used [0x0000000081600000,0x0000000082439990,0x0000000085000000)
 Metaspace       used 34744K, capacity 35056K, committed 35416K, reserved 1081344K
  class space    used 4154K, capacity 4266K, committed 4352K, reserved 1048576K
Event: 6.807 GC heap after
Heap after GC invocations=11 (full 2):
 PSYoungGen      total 272896K, used 0K [0x00000000d5d00000, 0x00000000ec880000, 0x0000000100000000)
  eden space 264192K, 0% used [0x00000000d5d00000,0x00000000d5d00000,0x00000000e5f00000)
  from space 8704K, 0% used [0x00000000e5f00000,0x00000000e5f00000,0x00000000e6780000)
  to   space 12288K, 0% used [0x00000000ebc80000,0x00000000ebc80000,0x00000000ec880000)
 ParOldGen       total 100864K, used 20716K [0x0000000081600000, 0x0000000087880000, 0x00000000d5d00000)
  object space 100864K, 20% used [0x0000000081600000,0x0000000082a3b288,0x0000000087880000)
 Metaspace       used 34744K, capacity 35056K, committed 35416K, reserved 1081344K
  class space    used 4154K, capacity 4266K, committed 4352K, reserved 1048576K
}
Event: 8.671 GC heap before
{Heap before GC invocations=12 (full 2):
 PSYoungGen      total 272896K, used 264192K [0x00000000d5d00000, 0x00000000ec880000, 0x0000000100000000)
  eden space 264192K, 100% used [0x00000000d5d00000,0x00000000e5f00000,0x00000000e5f00000)
  from space 8704K, 0% used [0x00000000e5f00000,0x00000000e5f00000,0x00000000e6780000)
  to   space 12288K, 0% used [0x00000000ebc80000,0x00000000ebc80000,0x00000000ec880000)
 ParOldGen       total 100864K, used 20716K [0x0000000081600000, 0x0000000087880000, 0x00000000d5d00000)
  object space 100864K, 20% used [0x0000000081600000,0x0000000082a3b288,0x0000000087880000)
 Metaspace       used 39369K, capacity 39784K, committed 40320K, reserved 1085440K
  class space    used 4587K, capacity 4725K, committed 4736K, reserved 1048576K
Event: 8.679 GC heap after
Heap after GC invocations=12 (full 2):
 PSYoungGen      total 335872K, used 7334K [0x00000000d5d00000, 0x00000000ec400000, 0x0000000100000000)
  eden space 328192K, 0% used [0x00000000d5d00000,0x00000000d5d00000,0x00000000e9d80000)
  from space 7680K, 95% used [0x00000000ebc80000,0x00000000ec3a9bd0,0x00000000ec400000)
  to   space 12288K, 0% used [0x00000000eac00000,0x00000000eac00000,0x00000000eb800000)
 ParOldGen       total 100864K, used 20724K [0x0000000081600000, 0x0000000087880000, 0x00000000d5d00000)
  object space 100864K, 20% used [0x0000000081600000,0x0000000082a3d288,0x0000000087880000)
 Metaspace       used 39369K, capacity 39784K, committed 40320K, reserved 1085440K
  class space    used 4587K, capacity 4725K, committed 4736K, reserved 1048576K
}
Event: 11.273 GC heap before
{Heap before GC invocations=13 (full 2):
 PSYoungGen      total 335872K, used 335526K [0x00000000d5d00000, 0x00000000ec400000, 0x0000000100000000)
  eden space 328192K, 100% used [0x00000000d5d00000,0x00000000e9d80000,0x00000000e9d80000)
  from space 7680K, 95% used [0x00000000ebc80000,0x00000000ec3a9bd0,0x00000000ec400000)
  to   space 12288K, 0% used [0x00000000eac00000,0x00000000eac00000,0x00000000eb800000)
 ParOldGen       total 100864K, used 20724K [0x0000000081600000, 0x0000000087880000, 0x00000000d5d00000)
  object space 100864K, 20% used [0x0000000081600000,0x0000000082a3d288,0x0000000087880000)
 Metaspace       used 42593K, capacity 43044K, committed 43392K, reserved 1087488K
  class space    used 4814K, capacity 4960K, committed 4992K, reserved 1048576K
Event: 11.287 GC heap after
Heap after GC invocations=13 (full 2):
 PSYoungGen      total 355328K, used 12270K [0x00000000d5d00000, 0x00000000f0000000, 0x0000000100000000)
  eden space 343040K, 0% used [0x00000000d5d00000,0x00000000d5d00000,0x00000000eac00000)
  from space 12288K, 99% used [0x00000000eac00000,0x00000000eb7fb820,0x00000000eb800000)
  to   space 14336K, 0% used [0x00000000ef200000,0x00000000ef200000,0x00000000f0000000)
 ParOldGen       total 100864K, used 22454K [0x0000000081600000, 0x0000000087880000, 0x00000000d5d00000)
  object space 100864K, 22% used [0x0000000081600000,0x0000000082bed910,0x0000000087880000)
 Metaspace       used 42593K, capacity 43044K, committed 43392K, reserved 1087488K
  class space    used 4814K, capacity 4960K, committed 4992K, reserved 1048576K
}

