# JRE version: Java(TM) SE Runtime Environment (8.0_121-b13) (build 1.8.0_121-b13)
# Java VM: Java HotSpot(TM) 64-Bit Server VM (25.121-b13 mixed mode windows-amd64 compressed oops)
Heap:
 PSYoungGen      total 337920K, used 129690K [0x00000000d5d00000, 0x00000000ec880000, 0x0000000100000000)
  eden space 329728K, 36% used [0x00000000d5d00000,0x00000000dd413c58,0x00000000e9f00000)
  from space 8192K, 94% used [0x00000000ec080000,0x00000000ec812e10,0x00000000ec880000)
  to   space 12288K, 0% used [0x00000000eb080000,0x00000000eb080000,0x00000000ebc80000)
 ParOldGen       total 99328K, used 20607K [0x0000000081600000, 0x0000000087700000, 0x00000000d5d00000)
  object space 99328K, 20% used [0x0000000081600000,0x0000000082a1ffe0,0x0000000087700000)
 Metaspace       used 43148K, capacity 43648K, committed 44288K, reserved 1087488K
  class space    used 5127K, capacity 5305K, committed 5376K, reserved 1048576K
GC Heap History (10 events):
Event: 4.020 GC heap before
{Heap before GC invocations=8 (full 0):
 PSYoungGen      total 141312K, used 67141K [0x00000000d5d00000, 0x00000000e7100000, 0x0000000100000000)
  eden space 132096K, 45% used [0x00000000d5d00000,0x00000000d98488f0,0x00000000dde00000)
  from space 9216K, 69% used [0x00000000dde00000,0x00000000de448c88,0x00000000de700000)
  to   space 9216K, 0% used [0x00000000e6800000,0x00000000e6800000,0x00000000e7100000)
 ParOldGen       total 87552K, used 7087K [0x0000000081600000, 0x0000000086b80000, 0x00000000d5d00000)
  object space 87552K, 8% used [0x0000000081600000,0x0000000081cebde0,0x0000000086b80000)
 Metaspace       used 20912K, capacity 21088K, committed 21248K, reserved 1069056K
  class space    used 2461K, capacity 2542K, committed 2560K, reserved 1048576K
Event: 4.031 GC heap after
Heap after GC invocations=8 (full 0):
 PSYoungGen      total 272384K, used 4796K [0x00000000d5d00000, 0x00000000e7000000, 0x0000000100000000)
  eden space 264192K, 0% used [0x00000000d5d00000,0x00000000d5d00000,0x00000000e5f00000)
  from space 8192K, 58% used [0x00000000e6800000,0x00000000e6caf2c8,0x00000000e7000000)
  to   space 8704K, 0% used [0x00000000e5f00000,0x00000000e5f00000,0x00000000e6780000)
 ParOldGen       total 87552K, used 7439K [0x0000000081600000, 0x0000000086b80000, 0x00000000d5d00000)
  object space 87552K, 8% used [0x0000000081600000,0x0000000081d43de0,0x0000000086b80000)
 Metaspace       used 20912K, capacity 21088K, committed 21248K, reserved 1069056K
  class space    used 2461K, capacity 2542K, committed 2560K, reserved 1048576K
}
Event: 4.031 GC heap before
{Heap before GC invocations=9 (full 1):
 PSYoungGen      total 272384K, used 4796K [0x00000000d5d00000, 0x00000000e7000000, 0x0000000100000000)
  eden space 264192K, 0% used [0x00000000d5d00000,0x00000000d5d00000,0x00000000e5f00000)
  from space 8192K, 58% used [0x00000000e6800000,0x00000000e6caf2c8,0x00000000e7000000)
  to   space 8704K, 0% used [0x00000000e5f00000,0x00000000e5f00000,0x00000000e6780000)
 ParOldGen       total 87552K, used 7439K [0x0000000081600000, 0x0000000086b80000, 0x00000000d5d00000)
  object space 87552K, 8% used [0x0000000081600000,0x0000000081d43de0,0x0000000086b80000)
 Metaspace       used 20912K, capacity 21088K, committed 21248K, reserved 1069056K
  class space    used 2461K, capacity 2542K, committed 2560K, reserved 1048576K
Event: 4.083 GC heap after
Heap after GC invocations=9 (full 1):
 PSYoungGen      total 272384K, used 0K [0x00000000d5d00000, 0x00000000e7000000, 0x0000000100000000)
  eden space 264192K, 0% used [0x00000000d5d00000,0x00000000d5d00000,0x00000000e5f00000)
  from space 8192K, 0% used [0x00000000e6800000,0x00000000e6800000,0x00000000e7000000)
  to   space 8704K, 0% used [0x00000000e5f00000,0x00000000e5f00000,0x00000000e6780000)
 ParOldGen       total 58368K, used 7818K [0x0000000081600000, 0x0000000084f00000, 0x00000000d5d00000)
  object space 58368K, 13% used [0x0000000081600000,0x0000000081da28b0,0x0000000084f00000)
 Metaspace       used 20912K, capacity 21088K, committed 21248K, reserved 1069056K
  class space    used 2461K, capacity 2542K, committed 2560K, reserved 1048576K
}
Event: 6.413 GC heap before
{Heap before GC invocations=10 (full 1):
 PSYoungGen      total 272384K, used 229463K [0x00000000d5d00000, 0x00000000e7000000, 0x0000000100000000)
  eden space 264192K, 86% used [0x00000000d5d00000,0x00000000e3d15ec8,0x00000000e5f00000)
  from space 8192K, 0% used [0x00000000e6800000,0x00000000e6800000,0x00000000e7000000)
  to   space 8704K, 0% used [0x00000000e5f00000,0x00000000e5f00000,0x00000000e6780000)
 ParOldGen       total 58368K, used 7818K [0x0000000081600000, 0x0000000084f00000, 0x00000000d5d00000)
  object space 58368K, 13% used [0x0000000081600000,0x0000000081da28b0,0x0000000084f00000)
 Metaspace       used 34698K, capacity 35062K, committed 35416K, reserved 1081344K
  class space    used 4149K, capacity 4267K, committed 4352K, reserved 1048576K
Event: 6.428 GC heap after
Heap after GC invocations=10 (full 1):
 PSYoungGen      total 272896K, used 8691K [0x00000000d5d00000, 0x00000000ecc80000, 0x0000000100000000)
  eden space 264192K, 0% used [0x00000000d5d00000,0x00000000d5d00000,0x00000000e5f00000)
  from space 8704K, 99% used [0x00000000e5f00000,0x00000000e677cf28,0x00000000e6780000)
  to   space 12288K, 0% used [0x00000000ec080000,0x00000000ec080000,0x00000000ecc80000)
 ParOldGen       total 58368K, used 14358K [0x0000000081600000, 0x0000000084f00000, 0x00000000d5d00000)
  object space 58368K, 24% used [0x0000000081600000,0x0000000082405820,0x0000000084f00000)
 Metaspace       used 34698K, capacity 35062K, committed 35416K, reserved 1081344K
  class space    used 4149K, capacity 4267K, committed 4352K, reserved 1048576K
}
Event: 6.428 GC heap before
{Heap before GC invocations=11 (full 2):
 PSYoungGen      total 272896K, used 8691K [0x00000000d5d00000, 0x00000000ecc80000, 0x0000000100000000)
  eden space 264192K, 0% used [0x00000000d5d00000,0x00000000d5d00000,0x00000000e5f00000)
  from space 8704K, 99% used [0x00000000e5f00000,0x00000000e677cf28,0x00000000e6780000)
  to   space 12288K, 0% used [0x00000000ec080000,0x00000000ec080000,0x00000000ecc80000)
 ParOldGen       total 58368K, used 14358K [0x0000000081600000, 0x0000000084f00000, 0x00000000d5d00000)
  object space 58368K, 24% used [0x0000000081600000,0x0000000082405820,0x0000000084f00000)
 Metaspace       used 34698K, capacity 35062K, committed 35416K, reserved 1081344K
  class space    used 4149K, capacity 4267K, committed 4352K, reserved 1048576K
Event: 6.488 GC heap after
Heap after GC invocations=11 (full 2):
 PSYoungGen      total 272896K, used 0K [0x00000000d5d00000, 0x00000000ecc80000, 0x0000000100000000)
  eden space 264192K, 0% used [0x00000000d5d00000,0x00000000d5d00000,0x00000000e5f00000)
  from space 8704K, 0% used [0x00000000e5f00000,0x00000000e5f00000,0x00000000e6780000)
  to   space 12288K, 0% used [0x00000000ec080000,0x00000000ec080000,0x00000000ecc80000)
 ParOldGen       total 99328K, used 20599K [0x0000000081600000, 0x0000000087700000, 0x00000000d5d00000)
  object space 99328K, 20% used [0x0000000081600000,0x0000000082a1dfe0,0x0000000087700000)
 Metaspace       used 34698K, capacity 35062K, committed 35416K, reserved 1081344K
  class space    used 4149K, capacity 4267K, committed 4352K, reserved 1048576K
}
Event: 7.997 GC heap before
{Heap before GC invocations=12 (full 2):
 PSYoungGen      total 272896K, used 264192K [0x00000000d5d00000, 0x00000000ecc80000, 0x0000000100000000)
  eden space 264192K, 100% used [0x00000000d5d00000,0x00000000e5f00000,0x00000000e5f00000)
  from space 8704K, 0% used [0x00000000e5f00000,0x00000000e5f00000,0x00000000e6780000)
  to   space 12288K, 0% used [0x00000000ec080000,0x00000000ec080000,0x00000000ecc80000)
 ParOldGen       total 99328K, used 20599K [0x0000000081600000, 0x0000000087700000, 0x00000000d5d00000)
  object space 99328K, 20% used [0x0000000081600000,0x0000000082a1dfe0,0x0000000087700000)
 Metaspace       used 39430K, capacity 39842K, committed 40448K, reserved 1085440K
  class space    used 4664K, capacity 4788K, committed 4864K, reserved 1048576K
Event: 8.007 GC heap after
Heap after GC invocations=12 (full 2):
 PSYoungGen      total 337920K, used 7755K [0x00000000d5d00000, 0x00000000ec880000, 0x0000000100000000)
  eden space 329728K, 0% used [0x00000000d5d00000,0x00000000d5d00000,0x00000000e9f00000)
  from space 8192K, 94% used [0x00000000ec080000,0x00000000ec812e10,0x00000000ec880000)
  to   space 12288K, 0% used [0x00000000eb080000,0x00000000eb080000,0x00000000ebc80000)
 ParOldGen       total 99328K, used 20607K [0x0000000081600000, 0x0000000087700000, 0x00000000d5d00000)
  object space 99328K, 20% used [0x0000000081600000,0x0000000082a1ffe0,0x0000000087700000)
 Metaspace       used 39430K, capacity 39842K, committed 40448K, reserved 1085440K
  class space    used 4664K, capacity 4788K, committed 4864K, reserved 1048576K
}

