# JRE version: Java(TM) SE Runtime Environment (8.0_121-b13) (build 1.8.0_121-b13)
# Java VM: Java HotSpot(TM) 64-Bit Server VM (25.121-b13 mixed mode windows-amd64 compressed oops)
Heap:
 PSYoungGen      total 272896K, used 31437K [0x00000000d5d00000, 0x00000000ece00000, 0x0000000100000000)
  eden space 264192K, 11% used [0x00000000d5d00000,0x00000000d7bb34f8,0x00000000e5f00000)
  from space 8704K, 0% used [0x00000000e5f00000,0x00000000e5f00000,0x00000000e6780000)
  to   space 12288K, 0% used [0x00000000ec200000,0x00000000ec200000,0x00000000ece00000)
 ParOldGen       total 57856K, used 20469K [0x0000000081600000, 0x0000000084e80000, 0x00000000d5d00000)
  object space 57856K, 35% used [0x0000000081600000,0x00000000829fd498,0x0000000084e80000)
 Metaspace       used 36858K, capacity 37256K, committed 37760K, reserved 1083392K
  class space    used 4330K, capacity 4462K, committed 4480K, reserved 1048576K
GC Heap History (10 events):
Event: 5.760 GC heap before
{Heap before GC invocations=7 (full 0):
 PSYoungGen      total 140288K, used 139526K [0x00000000d5d00000, 0x00000000df100000, 0x0000000100000000)
  eden space 132096K, 100% used [0x00000000d5d00000,0x00000000dde00000,0x00000000dde00000)
  from space 8192K, 90% used [0x00000000de700000,0x00000000dee41ab0,0x00000000def00000)
  to   space 9216K, 0% used [0x00000000dde00000,0x00000000dde00000,0x00000000de700000)
 ParOldGen       total 87552K, used 4132K [0x0000000081600000, 0x0000000086b80000, 0x00000000d5d00000)
  object space 87552K, 4% used [0x0000000081600000,0x0000000081a090f8,0x0000000086b80000)
 Metaspace       used 18277K, capacity 18470K, committed 18688K, reserved 1064960K
  class space    used 2188K, capacity 2249K, committed 2304K, reserved 1048576K
Event: 5.774 GC heap after
Heap after GC invocations=7 (full 0):
 PSYoungGen      total 141312K, used 6404K [0x00000000d5d00000, 0x00000000e7100000, 0x0000000100000000)
  eden space 132096K, 0% used [0x00000000d5d00000,0x00000000d5d00000,0x00000000dde00000)
  from space 9216K, 69% used [0x00000000dde00000,0x00000000de4410a8,0x00000000de700000)
  to   space 9216K, 0% used [0x00000000e6800000,0x00000000e6800000,0x00000000e7100000)
 ParOldGen       total 87552K, used 7049K [0x0000000081600000, 0x0000000086b80000, 0x00000000d5d00000)
  object space 87552K, 8% used [0x0000000081600000,0x0000000081ce2788,0x0000000086b80000)
 Metaspace       used 18277K, capacity 18470K, committed 18688K, reserved 1064960K
  class space    used 2188K, capacity 2249K, committed 2304K, reserved 1048576K
}
Event: 6.396 GC heap before
{Heap before GC invocations=8 (full 0):
 PSYoungGen      total 141312K, used 67030K [0x00000000d5d00000, 0x00000000e7100000, 0x0000000100000000)
  eden space 132096K, 45% used [0x00000000d5d00000,0x00000000d9834938,0x00000000dde00000)
  from space 9216K, 69% used [0x00000000dde00000,0x00000000de4410a8,0x00000000de700000)
  to   space 9216K, 0% used [0x00000000e6800000,0x00000000e6800000,0x00000000e7100000)
 ParOldGen       total 87552K, used 7049K [0x0000000081600000, 0x0000000086b80000, 0x00000000d5d00000)
  object space 87552K, 8% used [0x0000000081600000,0x0000000081ce2788,0x0000000086b80000)
 Metaspace       used 20928K, capacity 21088K, committed 21248K, reserved 1069056K
  class space    used 2459K, capacity 2542K, committed 2560K, reserved 1048576K
Event: 6.420 GC heap after
Heap after GC invocations=8 (full 0):
 PSYoungGen      total 272384K, used 4845K [0x00000000d5d00000, 0x00000000e7000000, 0x0000000100000000)
  eden space 264192K, 0% used [0x00000000d5d00000,0x00000000d5d00000,0x00000000e5f00000)
  from space 8192K, 59% used [0x00000000e6800000,0x00000000e6cbb708,0x00000000e7000000)
  to   space 8704K, 0% used [0x00000000e5f00000,0x00000000e5f00000,0x00000000e6780000)
 ParOldGen       total 87552K, used 7393K [0x0000000081600000, 0x0000000086b80000, 0x00000000d5d00000)
  object space 87552K, 8% used [0x0000000081600000,0x0000000081d38788,0x0000000086b80000)
 Metaspace       used 20928K, capacity 21088K, committed 21248K, reserved 1069056K
  class space    used 2459K, capacity 2542K, committed 2560K, reserved 1048576K
}
Event: 6.420 GC heap before
{Heap before GC invocations=9 (full 1):
 PSYoungGen      total 272384K, used 4845K [0x00000000d5d00000, 0x00000000e7000000, 0x0000000100000000)
  eden space 264192K, 0% used [0x00000000d5d00000,0x00000000d5d00000,0x00000000e5f00000)
  from space 8192K, 59% used [0x00000000e6800000,0x00000000e6cbb708,0x00000000e7000000)
  to   space 8704K, 0% used [0x00000000e5f00000,0x00000000e5f00000,0x00000000e6780000)
 ParOldGen       total 87552K, used 7393K [0x0000000081600000, 0x0000000086b80000, 0x00000000d5d00000)
  object space 87552K, 8% used [0x0000000081600000,0x0000000081d38788,0x0000000086b80000)
 Metaspace       used 20928K, capacity 21088K, committed 21248K, reserved 1069056K
  class space    used 2459K, capacity 2542K, committed 2560K, reserved 1048576K
Event: 6.503 GC heap after
Heap after GC invocations=9 (full 1):
 PSYoungGen      total 272384K, used 0K [0x00000000d5d00000, 0x00000000e7000000, 0x0000000100000000)
  eden space 264192K, 0% used [0x00000000d5d00000,0x00000000d5d00000,0x00000000e5f00000)
  from space 8192K, 0% used [0x00000000e6800000,0x00000000e6800000,0x00000000e7000000)
  to   space 8704K, 0% used [0x00000000e5f00000,0x00000000e5f00000,0x00000000e6780000)
 ParOldGen       total 57856K, used 7881K [0x0000000081600000, 0x0000000084e80000, 0x00000000d5d00000)
  object space 57856K, 13% used [0x0000000081600000,0x0000000081db2458,0x0000000084e80000)
 Metaspace       used 20928K, capacity 21088K, committed 21248K, reserved 1069056K
  class space    used 2459K, capacity 2542K, committed 2560K, reserved 1048576K
}
Event: 10.005 GC heap before
{Heap before GC invocations=10 (full 1):
 PSYoungGen      total 272384K, used 229180K [0x00000000d5d00000, 0x00000000e7000000, 0x0000000100000000)
  eden space 264192K, 86% used [0x00000000d5d00000,0x00000000e3ccf000,0x00000000e5f00000)
  from space 8192K, 0% used [0x00000000e6800000,0x00000000e6800000,0x00000000e7000000)
  to   space 8704K, 0% used [0x00000000e5f00000,0x00000000e5f00000,0x00000000e6780000)
 ParOldGen       total 57856K, used 7881K [0x0000000081600000, 0x0000000084e80000, 0x00000000d5d00000)
  object space 57856K, 13% used [0x0000000081600000,0x0000000081db2458,0x0000000084e80000)
 Metaspace       used 34677K, capacity 35036K, committed 35416K, reserved 1081344K
  class space    used 4136K, capacity 4262K, committed 4352K, reserved 1048576K
Event: 10.028 GC heap after
Heap after GC invocations=10 (full 1):
 PSYoungGen      total 272896K, used 8702K [0x00000000d5d00000, 0x00000000ece00000, 0x0000000100000000)
  eden space 264192K, 0% used [0x00000000d5d00000,0x00000000d5d00000,0x00000000e5f00000)
  from space 8704K, 99% used [0x00000000e5f00000,0x00000000e677fb08,0x00000000e6780000)
  to   space 12288K, 0% used [0x00000000ec200000,0x00000000ec200000,0x00000000ece00000)
 ParOldGen       total 57856K, used 14299K [0x0000000081600000, 0x0000000084e80000, 0x00000000d5d00000)
  object space 57856K, 24% used [0x0000000081600000,0x00000000823f6e70,0x0000000084e80000)
 Metaspace       used 34677K, capacity 35036K, committed 35416K, reserved 1081344K
  class space    used 4136K, capacity 4262K, committed 4352K, reserved 1048576K
}
Event: 10.028 GC heap before
{Heap before GC invocations=11 (full 2):
 PSYoungGen      total 272896K, used 8702K [0x00000000d5d00000, 0x00000000ece00000, 0x0000000100000000)
  eden space 264192K, 0% used [0x00000000d5d00000,0x00000000d5d00000,0x00000000e5f00000)
  from space 8704K, 99% used [0x00000000e5f00000,0x00000000e677fb08,0x00000000e6780000)
  to   space 12288K, 0% used [0x00000000ec200000,0x00000000ec200000,0x00000000ece00000)
 ParOldGen       total 57856K, used 14299K [0x0000000081600000, 0x0000000084e80000, 0x00000000d5d00000)
  object space 57856K, 24% used [0x0000000081600000,0x00000000823f6e70,0x0000000084e80000)
 Metaspace       used 34677K, capacity 35036K, committed 35416K, reserved 1081344K
  class space    used 4136K, capacity 4262K, committed 4352K, reserved 1048576K
Event: 10.095 GC heap after
Heap after GC invocations=11 (full 2):
 PSYoungGen      total 272896K, used 0K [0x00000000d5d00000, 0x00000000ece00000, 0x0000000100000000)
  eden space 264192K, 0% used [0x00000000d5d00000,0x00000000d5d00000,0x00000000e5f00000)
  from space 8704K, 0% used [0x00000000e5f00000,0x00000000e5f00000,0x00000000e6780000)
  to   space 12288K, 0% used [0x00000000ec200000,0x00000000ec200000,0x00000000ece00000)
 ParOldGen       total 57856K, used 20469K [0x0000000081600000, 0x0000000084e80000, 0x00000000d5d00000)
  object space 57856K, 35% used [0x0000000081600000,0x00000000829fd498,0x0000000084e80000)
 Metaspace       used 34677K, capacity 35036K, committed 35416K, reserved 1081344K
  class space    used 4136K, capacity 4262K, committed 4352K, reserved 1048576K
}

