# JRE version: Java(TM) SE Runtime Environment (8.0_121-b13) (build 1.8.0_121-b13)
# Java VM: Java HotSpot(TM) 64-Bit Server VM (25.121-b13 mixed mode windows-amd64 compressed oops)
Heap:
 PSYoungGen      total 68096K, used 60802K [0x00000000d5d00000, 0x00000000dc500000, 0x0000000100000000)
  eden space 62976K, 90% used [0x00000000d5d00000,0x00000000d94c6da0,0x00000000d9a80000)
  from space 5120K, 72% used [0x00000000da300000,0x00000000da699e40,0x00000000da800000)
  to   space 8704K, 0% used [0x00000000d9a80000,0x00000000d9a80000,0x00000000da300000)
 ParOldGen       total 58880K, used 7895K [0x0000000081600000, 0x0000000084f80000, 0x00000000d5d00000)
  object space 58880K, 13% used [0x0000000081600000,0x0000000081db5e70,0x0000000084f80000)
 Metaspace       used 25886K, capacity 26114K, committed 26624K, reserved 1073152K
  class space    used 3130K, capacity 3217K, committed 3328K, reserved 1048576K
GC Heap History (10 events):
Event: 3.109 GC heap before
{Heap before GC invocations=7 (full 0):
 PSYoungGen      total 71680K, used 71674K [0x00000000d5d00000, 0x00000000da800000, 0x0000000100000000)
  eden space 66560K, 100% used [0x00000000d5d00000,0x00000000d9e00000,0x00000000d9e00000)
  from space 5120K, 99% used [0x00000000da300000,0x00000000da7fea60,0x00000000da800000)
  to   space 5120K, 0% used [0x00000000d9e00000,0x00000000d9e00000,0x00000000da300000)
 ParOldGen       total 87552K, used 6365K [0x0000000081600000, 0x0000000086b80000, 0x00000000d5d00000)
  object space 87552K, 7% used [0x0000000081600000,0x0000000081c376b8,0x0000000086b80000)
 Metaspace       used 14347K, capacity 14502K, committed 14720K, reserved 1062912K
  class space    used 1734K, capacity 1801K, committed 1920K, reserved 1048576K
Event: 3.119 GC heap after
Heap after GC invocations=7 (full 0):
 PSYoungGen      total 71680K, used 2871K [0x00000000d5d00000, 0x00000000da800000, 0x0000000100000000)
  eden space 66560K, 0% used [0x00000000d5d00000,0x00000000d5d00000,0x00000000d9e00000)
  from space 5120K, 56% used [0x00000000d9e00000,0x00000000da0cdd20,0x00000000da300000)
  to   space 5120K, 0% used [0x00000000da300000,0x00000000da300000,0x00000000da800000)
 ParOldGen       total 87552K, used 9240K [0x0000000081600000, 0x0000000086b80000, 0x00000000d5d00000)
  object space 87552K, 10% used [0x0000000081600000,0x0000000081f062d0,0x0000000086b80000)
 Metaspace       used 14347K, capacity 14502K, committed 14720K, reserved 1062912K
  class space    used 1734K, capacity 1801K, committed 1920K, reserved 1048576K
}
Event: 3.555 GC heap before
{Heap before GC invocations=8 (full 0):
 PSYoungGen      total 71680K, used 69431K [0x00000000d5d00000, 0x00000000da800000, 0x0000000100000000)
  eden space 66560K, 100% used [0x00000000d5d00000,0x00000000d9e00000,0x00000000d9e00000)
  from space 5120K, 56% used [0x00000000d9e00000,0x00000000da0cdd20,0x00000000da300000)
  to   space 5120K, 0% used [0x00000000da300000,0x00000000da300000,0x00000000da800000)
 ParOldGen       total 87552K, used 9240K [0x0000000081600000, 0x0000000086b80000, 0x00000000d5d00000)
  object space 87552K, 10% used [0x0000000081600000,0x0000000081f062d0,0x0000000086b80000)
 Metaspace       used 18287K, capacity 18470K, committed 18688K, reserved 1064960K
  class space    used 2194K, capacity 2249K, committed 2304K, reserved 1048576K
Event: 3.559 GC heap after
Heap after GC invocations=8 (full 0):
 PSYoungGen      total 71680K, used 4916K [0x00000000d5d00000, 0x00000000da800000, 0x0000000100000000)
  eden space 66560K, 0% used [0x00000000d5d00000,0x00000000d5d00000,0x00000000d9e00000)
  from space 5120K, 96% used [0x00000000da300000,0x00000000da7cd1c8,0x00000000da800000)
  to   space 5120K, 0% used [0x00000000d9e00000,0x00000000d9e00000,0x00000000da300000)
 ParOldGen       total 87552K, used 9592K [0x0000000081600000, 0x0000000086b80000, 0x00000000d5d00000)
  object space 87552K, 10% used [0x0000000081600000,0x0000000081f5e2d0,0x0000000086b80000)
 Metaspace       used 18287K, capacity 18470K, committed 18688K, reserved 1064960K
  class space    used 2194K, capacity 2249K, committed 2304K, reserved 1048576K
}
Event: 3.991 GC heap before
{Heap before GC invocations=9 (full 0):
 PSYoungGen      total 71680K, used 63303K [0x00000000d5d00000, 0x00000000da800000, 0x0000000100000000)
  eden space 66560K, 87% used [0x00000000d5d00000,0x00000000d9604e10,0x00000000d9e00000)
  from space 5120K, 96% used [0x00000000da300000,0x00000000da7cd1c8,0x00000000da800000)
  to   space 5120K, 0% used [0x00000000d9e00000,0x00000000d9e00000,0x00000000da300000)
 ParOldGen       total 87552K, used 9592K [0x0000000081600000, 0x0000000086b80000, 0x00000000d5d00000)
  object space 87552K, 10% used [0x0000000081600000,0x0000000081f5e2d0,0x0000000086b80000)
 Metaspace       used 20929K, capacity 21088K, committed 21248K, reserved 1069056K
  class space    used 2460K, capacity 2542K, committed 2560K, reserved 1048576K
Event: 3.996 GC heap after
Heap after GC invocations=9 (full 0):
 PSYoungGen      total 71680K, used 4241K [0x00000000d5d00000, 0x00000000da800000, 0x0000000100000000)
  eden space 66560K, 0% used [0x00000000d5d00000,0x00000000d5d00000,0x00000000d9e00000)
  from space 5120K, 82% used [0x00000000d9e00000,0x00000000da2245e0,0x00000000da300000)
  to   space 5120K, 0% used [0x00000000da300000,0x00000000da300000,0x00000000da800000)
 ParOldGen       total 87552K, used 10229K [0x0000000081600000, 0x0000000086b80000, 0x00000000d5d00000)
  object space 87552K, 11% used [0x0000000081600000,0x0000000081ffd4e8,0x0000000086b80000)
 Metaspace       used 20929K, capacity 21088K, committed 21248K, reserved 1069056K
  class space    used 2460K, capacity 2542K, committed 2560K, reserved 1048576K
}
Event: 3.996 GC heap before
{Heap before GC invocations=10 (full 1):
 PSYoungGen      total 71680K, used 4241K [0x00000000d5d00000, 0x00000000da800000, 0x0000000100000000)
  eden space 66560K, 0% used [0x00000000d5d00000,0x00000000d5d00000,0x00000000d9e00000)
  from space 5120K, 82% used [0x00000000d9e00000,0x00000000da2245e0,0x00000000da300000)
  to   space 5120K, 0% used [0x00000000da300000,0x00000000da300000,0x00000000da800000)
 ParOldGen       total 87552K, used 10229K [0x0000000081600000, 0x0000000086b80000, 0x00000000d5d00000)
  object space 87552K, 11% used [0x0000000081600000,0x0000000081ffd4e8,0x0000000086b80000)
 Metaspace       used 20929K, capacity 21088K, committed 21248K, reserved 1069056K
  class space    used 2460K, capacity 2542K, committed 2560K, reserved 1048576K
Event: 4.041 GC heap after
Heap after GC invocations=10 (full 1):
 PSYoungGen      total 71680K, used 0K [0x00000000d5d00000, 0x00000000da800000, 0x0000000100000000)
  eden space 66560K, 0% used [0x00000000d5d00000,0x00000000d5d00000,0x00000000d9e00000)
  from space 5120K, 0% used [0x00000000d9e00000,0x00000000d9e00000,0x00000000da300000)
  to   space 5120K, 0% used [0x00000000da300000,0x00000000da300000,0x00000000da800000)
 ParOldGen       total 58880K, used 7887K [0x0000000081600000, 0x0000000084f80000, 0x00000000d5d00000)
  object space 58880K, 13% used [0x0000000081600000,0x0000000081db3e70,0x0000000084f80000)
 Metaspace       used 20929K, capacity 21088K, committed 21248K, reserved 1069056K
  class space    used 2460K, capacity 2542K, committed 2560K, reserved 1048576K
}
Event: 4.504 GC heap before
{Heap before GC invocations=11 (full 1):
 PSYoungGen      total 71680K, used 66560K [0x00000000d5d00000, 0x00000000da800000, 0x0000000100000000)
  eden space 66560K, 100% used [0x00000000d5d00000,0x00000000d9e00000,0x00000000d9e00000)
  from space 5120K, 0% used [0x00000000d9e00000,0x00000000d9e00000,0x00000000da300000)
  to   space 5120K, 0% used [0x00000000da300000,0x00000000da300000,0x00000000da800000)
 ParOldGen       total 58880K, used 7887K [0x0000000081600000, 0x0000000084f80000, 0x00000000d5d00000)
  object space 58880K, 13% used [0x0000000081600000,0x0000000081db3e70,0x0000000084f80000)
 Metaspace       used 23731K, capacity 23930K, committed 24192K, reserved 1071104K
  class space    used 2842K, capacity 2911K, committed 2944K, reserved 1048576K
Event: 4.509 GC heap after
Heap after GC invocations=11 (full 1):
 PSYoungGen      total 68096K, used 3687K [0x00000000d5d00000, 0x00000000dc500000, 0x0000000100000000)
  eden space 62976K, 0% used [0x00000000d5d00000,0x00000000d5d00000,0x00000000d9a80000)
  from space 5120K, 72% used [0x00000000da300000,0x00000000da699e40,0x00000000da800000)
  to   space 8704K, 0% used [0x00000000d9a80000,0x00000000d9a80000,0x00000000da300000)
 ParOldGen       total 58880K, used 7895K [0x0000000081600000, 0x0000000084f80000, 0x00000000d5d00000)
  object space 58880K, 13% used [0x0000000081600000,0x0000000081db5e70,0x0000000084f80000)
 Metaspace       used 23731K, capacity 23930K, committed 24192K, reserved 1071104K
  class space    used 2842K, capacity 2911K, committed 2944K, reserved 1048576K
}

